<?xml version="1.0" encoding="UTF-8"?>
<!-- Generated by org.testng.reporters.JUnitReportReporter -->
<testsuite hostname="Satya" failures="0" tests="1" name="Satya.FrameworkDesign.HomePage" time="15.942" errors="0" timestamp="2024-03-08T11:04:09 IST" skipped="0">
  <testcase classname="Satya.FrameworkDesign.HomePage" name="flightSearch" time="15.942"/>
</testsuite> <!-- Satya.FrameworkDesign.HomePage -->
