<?xml version="1.0" encoding="UTF-8"?>
<!-- Generated by org.testng.reporters.JUnitReportReporter -->
<testsuite hostname="Satya" failures="0" tests="3" name="Satya.FrameworkDesign.HomePageTest" time="37.553" errors="0" timestamp="2024-03-08T15:57:27 IST" skipped="0">
  <testcase classname="Satya.FrameworkDesign.HomePageTest" name="flightSearch" time="23.493"/>
  <testcase classname="Satya.FrameworkDesign.HomePageTest" name="HotelSearch" time="5.354"/>
  <testcase classname="Satya.FrameworkDesign.HomePageTest" name="selectTrip" time="8.706"/>
</testsuite> <!-- Satya.FrameworkDesign.HomePageTest -->
